.data


.text


### entering visit fundecl
func_fibonacci_start:
move $fp,$sp
addi $sp,$sp,0

### entering visit if
lw $t9,0($fp)
li $t8,0
seq $s7,$t9,$t8
beqz $s7,if_else0
addi $sp,$sp,0
li $s7,0
subi $sp,$sp,0
addi $sp,$sp,-4
sw $s7,0($sp)
jr $ra
j if_end0
if_else0:
if_end0:

### entering visit if
lw $s7,0($fp)
li $t8,1
seq $t9,$s7,$t8
beqz $t9,if_else1
addi $sp,$sp,0
li $t9,1
subi $sp,$sp,0
addi $sp,$sp,-4
sw $t9,0($sp)
jr $ra
j if_end1
if_else1:
if_end1:

### entering visit funcall expr
addi $sp,$sp,-4
sw $fp,0($sp)
addi $sp,$sp,-4
sw $ra,0($sp)
lw $t9,0($fp)
li $t8,1
sub $s7 $t9 $t8
addi $sp,$sp,-4
sw $s7,0($sp)
jal func_fibonacci_start
lw $s7,0($sp)
subi $sp,$sp,-4
addi $sp,$sp,4
lw $ra,0($sp)
subi $sp,$sp,-4
lw $fp,0($sp)
subi $sp,$sp,-4

### entering visit funcall expr
addi $sp,$sp,-4
sw $fp,0($sp)
addi $sp,$sp,-4
sw $ra,0($sp)
addi $sp,$sp,-4
sw $s7,0($sp)
lw $t8,0($fp)
li $t9,2
sub $s6 $t8 $t9
addi $sp,$sp,-4
sw $s6,0($sp)
jal func_fibonacci_start
lw $s6,0($sp)
subi $sp,$sp,-4
addi $sp,$sp,4
lw $s7,0($sp)
subi $sp,$sp,-4
lw $ra,0($sp)
subi $sp,$sp,-4
lw $fp,0($sp)
subi $sp,$sp,-4
add $t9 $s7 $s6
subi $sp,$sp,0
addi $sp,$sp,-4
sw $t9,0($sp)
jr $ra
func_fibonacci_end:
subi $sp,$sp,0
jr $ra

### entering visit fundecl
.globl main
main:
move $fp,$sp
addi $sp,$sp,-4

### entering visit funcall expr
addi $sp,$sp,-4
sw $fp,0($sp)
addi $sp,$sp,-4
sw $ra,0($sp)
li $t9,5
addi $sp,$sp,-4
sw $t9,0($sp)
jal func_fibonacci_start
lw $t9,0($sp)
subi $sp,$sp,-4
addi $sp,$sp,4
lw $ra,0($sp)
subi $sp,$sp,-4
lw $fp,0($sp)
subi $sp,$sp,-4
sw $t9,-4($fp)

### entering visit funcall expr
lw $t9,-4($fp)
li $v0,1
move $a0,$t9
syscall
func_main_end:
subi $sp,$sp,-4
li $v0 10
syscall

